# JRE version: OpenJDK Runtime Environment (17.0.7) (build 17.0.7+0-b2043.56-10550314)
# Java VM: OpenJDK 64-Bit Server VM (17.0.7+0-b2043.56-10550314, mixed mode, tiered, compressed oops, compressed class ptrs, g1 gc, windows-amd64)
GC Precious Log:
 CPUs: 12 total, 12 available
 Memory: 7971M
 Large Page Support: Disabled
 NUMA Support: Disabled
 Compressed Oops: Enabled (32-bit)
 Heap Region Size: 1M
 Heap Min Capacity: 8M
 Heap Initial Capacity: 126M
 Heap Max Capacity: 1536M
 Pre-touch: Disabled
 Parallel Workers: 10
 Concurrent Workers: 3
 Concurrent Refinement Workers: 10
 Periodic GC: Disabled
Heap:
 garbage-first heap   total 209920K, used 133355K [0x00000000a0000000, 0x0000000100000000)
  region size 1024K, 9 young (9216K), 2 survivors (2048K)
 Metaspace       used 100090K, committed 100928K, reserved 1179648K
  class space    used 13829K, committed 14208K, reserved 1048576K
GC Heap History (20 events):
Event: 7.214 GC heap before
{Heap before GC invocations=31 (full 0):
 garbage-first heap   total 169984K, used 131207K [0x00000000a0000000, 0x0000000100000000)
  region size 1024K, 63 young (64512K), 1 survivors (1024K)
 Metaspace       used 80590K, committed 81216K, reserved 1179648K
  class space    used 10928K, committed 11200K, reserved 1048576K
}
Event: 7.218 GC heap after
{Heap after GC invocations=32 (full 0):
 garbage-first heap   total 169984K, used 71859K [0x00000000a0000000, 0x0000000100000000)
  region size 1024K, 5 young (5120K), 5 survivors (5120K)
 Metaspace       used 80590K, committed 81216K, reserved 1179648K
  class space    used 10928K, committed 11200K, reserved 1048576K
}
Event: 7.591 GC heap before
{Heap before GC invocations=32 (full 0):
 garbage-first heap   total 169984K, used 133299K [0x00000000a0000000, 0x0000000100000000)
  region size 1024K, 65 young (66560K), 5 survivors (5120K)
 Metaspace       used 84022K, committed 84672K, reserved 1179648K
  class space    used 11514K, committed 11776K, reserved 1048576K
}
Event: 7.598 GC heap after
{Heap after GC invocations=33 (full 0):
 garbage-first heap   total 169984K, used 76453K [0x00000000a0000000, 0x0000000100000000)
  region size 1024K, 9 young (9216K), 9 survivors (9216K)
 Metaspace       used 84022K, committed 84672K, reserved 1179648K
  class space    used 11514K, committed 11776K, reserved 1048576K
}
Event: 7.996 GC heap before
{Heap before GC invocations=33 (full 0):
 garbage-first heap   total 169984K, used 135845K [0x00000000a0000000, 0x0000000100000000)
  region size 1024K, 67 young (68608K), 9 survivors (9216K)
 Metaspace       used 87974K, committed 88640K, reserved 1179648K
  class space    used 12163K, committed 12416K, reserved 1048576K
}
Event: 8.005 GC heap after
{Heap after GC invocations=34 (full 0):
 garbage-first heap   total 169984K, used 81456K [0x00000000a0000000, 0x0000000100000000)
  region size 1024K, 9 young (9216K), 9 survivors (9216K)
 Metaspace       used 87974K, committed 88640K, reserved 1179648K
  class space    used 12163K, committed 12416K, reserved 1048576K
}
Event: 8.490 GC heap before
{Heap before GC invocations=34 (full 0):
 garbage-first heap   total 169984K, used 138800K [0x00000000a0000000, 0x0000000100000000)
  region size 1024K, 64 young (65536K), 9 survivors (9216K)
 Metaspace       used 89679K, committed 90432K, reserved 1179648K
  class space    used 12386K, committed 12672K, reserved 1048576K
}
Event: 8.501 GC heap after
{Heap after GC invocations=35 (full 0):
 garbage-first heap   total 169984K, used 92231K [0x00000000a0000000, 0x0000000100000000)
  region size 1024K, 8 young (8192K), 8 survivors (8192K)
 Metaspace       used 89679K, committed 90432K, reserved 1179648K
  class space    used 12386K, committed 12672K, reserved 1048576K
}
Event: 8.885 GC heap before
{Heap before GC invocations=35 (full 0):
 garbage-first heap   total 169984K, used 136263K [0x00000000a0000000, 0x0000000100000000)
  region size 1024K, 52 young (53248K), 8 survivors (8192K)
 Metaspace       used 91227K, committed 91968K, reserved 1179648K
  class space    used 12628K, committed 12928K, reserved 1048576K
}
Event: 8.894 GC heap after
{Heap after GC invocations=36 (full 0):
 garbage-first heap   total 169984K, used 99350K [0x00000000a0000000, 0x0000000100000000)
  region size 1024K, 7 young (7168K), 7 survivors (7168K)
 Metaspace       used 91227K, committed 91968K, reserved 1179648K
  class space    used 12628K, committed 12928K, reserved 1048576K
}
Event: 9.276 GC heap before
{Heap before GC invocations=37 (full 0):
 garbage-first heap   total 174080K, used 145430K [0x00000000a0000000, 0x0000000100000000)
  region size 1024K, 44 young (45056K), 7 survivors (7168K)
 Metaspace       used 91847K, committed 92672K, reserved 1179648K
  class space    used 12704K, committed 13056K, reserved 1048576K
}
Event: 9.284 GC heap after
{Heap after GC invocations=38 (full 0):
 garbage-first heap   total 174080K, used 115845K [0x00000000a0000000, 0x0000000100000000)
  region size 1024K, 6 young (6144K), 6 survivors (6144K)
 Metaspace       used 91847K, committed 92672K, reserved 1179648K
  class space    used 12704K, committed 13056K, reserved 1048576K
}
Event: 9.308 GC heap before
{Heap before GC invocations=38 (full 0):
 garbage-first heap   total 174080K, used 117893K [0x00000000a0000000, 0x0000000100000000)
  region size 1024K, 8 young (8192K), 6 survivors (6144K)
 Metaspace       used 91875K, committed 92672K, reserved 1179648K
  class space    used 12704K, committed 13056K, reserved 1048576K
}
Event: 9.312 GC heap after
{Heap after GC invocations=39 (full 0):
 garbage-first heap   total 208896K, used 116779K [0x00000000a0000000, 0x0000000100000000)
  region size 1024K, 1 young (1024K), 1 survivors (1024K)
 Metaspace       used 91875K, committed 92672K, reserved 1179648K
  class space    used 12704K, committed 13056K, reserved 1048576K
}
Event: 9.685 GC heap before
{Heap before GC invocations=39 (full 0):
 garbage-first heap   total 208896K, used 163883K [0x00000000a0000000, 0x0000000100000000)
  region size 1024K, 47 young (48128K), 1 survivors (1024K)
 Metaspace       used 95540K, committed 96384K, reserved 1179648K
  class space    used 13279K, committed 13632K, reserved 1048576K
}
Event: 9.690 GC heap after
{Heap after GC invocations=40 (full 0):
 garbage-first heap   total 208896K, used 121684K [0x00000000a0000000, 0x0000000100000000)
  region size 1024K, 6 young (6144K), 6 survivors (6144K)
 Metaspace       used 95540K, committed 96384K, reserved 1179648K
  class space    used 13279K, committed 13632K, reserved 1048576K
}
Event: 10.205 GC heap before
{Heap before GC invocations=41 (full 0):
 garbage-first heap   total 209920K, used 165716K [0x00000000a0000000, 0x0000000100000000)
  region size 1024K, 49 young (50176K), 6 survivors (6144K)
 Metaspace       used 99874K, committed 100736K, reserved 1179648K
  class space    used 13814K, committed 14208K, reserved 1048576K
}
Event: 10.216 GC heap after
{Heap after GC invocations=42 (full 0):
 garbage-first heap   total 209920K, used 125798K [0x00000000a0000000, 0x0000000100000000)
  region size 1024K, 5 young (5120K), 5 survivors (5120K)
 Metaspace       used 99874K, committed 100736K, reserved 1179648K
  class space    used 13814K, committed 14208K, reserved 1048576K
}
Event: 10.302 GC heap before
{Heap before GC invocations=42 (full 0):
 garbage-first heap   total 209920K, used 130918K [0x00000000a0000000, 0x0000000100000000)
  region size 1024K, 10 young (10240K), 5 survivors (5120K)
 Metaspace       used 99969K, committed 100864K, reserved 1179648K
  class space    used 13819K, committed 14208K, reserved 1048576K
}
Event: 10.308 GC heap after
{Heap after GC invocations=43 (full 0):
 garbage-first heap   total 209920K, used 127211K [0x00000000a0000000, 0x0000000100000000)
  region size 1024K, 2 young (2048K), 2 survivors (2048K)
 Metaspace       used 99969K, committed 100864K, reserved 1179648K
  class space    used 13819K, committed 14208K, reserved 1048576K
}

